  XUnzip.cpp
  EntityFactory.cpp
  TypeFactory.cpp
  IfcAbsorbedDoseMeasure.cpp
  IfcAccelerationMeasure.cpp
  IfcActionRequest.cpp
  IfcActionRequestTypeEnum.cpp
  IfcActionSourceTypeEnum.cpp
  IfcActionTypeEnum.cpp
  IfcActor.cpp
  IfcActorRole.cpp
  IfcActorSelect.cpp
  IfcActuator.cpp
  IfcActuatorType.cpp
  IfcActuatorTypeEnum.cpp
  IfcAddress.cpp
  IfcAddressTypeEnum.cpp
  IfcAdvancedBrep.cpp
  IfcAdvancedBrepWithVoids.cpp
  IfcAdvancedFace.cpp
  IfcAirTerminal.cpp
  IfcAirTerminalBox.cpp
  IfcAirTerminalBoxType.cpp
  IfcAirTerminalBoxTypeEnum.cpp
  IfcAirTerminalType.cpp
  IfcAirTerminalTypeEnum.cpp
  IfcAirToAirHeatRecovery.cpp
  IfcAirToAirHeatRecoveryType.cpp
  IfcAirToAirHeatRecoveryTypeEnum.cpp
  IfcAlarm.cpp
  IfcAlarmType.cpp
  IfcAlarmTypeEnum.cpp
  IfcAlignment.cpp
  IfcAlignment2DHorizontal.cpp
  IfcAlignment2DHorizontalSegment.cpp
  IfcAlignment2DSegment.cpp
  IfcAlignment2DVerSegCircularArc.cpp
  IfcAlignment2DVerSegLine.cpp
  IfcAlignment2DVerSegParabolicArc.cpp
  IfcAlignment2DVertical.cpp
  IfcAlignment2DVerticalSegment.cpp
  IfcAlignmentCurve.cpp
  IfcAlignmentTypeEnum.cpp
  IfcAmountOfSubstanceMeasure.cpp
  IfcAnalysisModelTypeEnum.cpp
  IfcAnalysisTheoryTypeEnum.cpp
  IfcAngularVelocityMeasure.cpp
  IfcAnnotation.cpp
  IfcAnnotationFillArea.cpp
  IfcApplication.cpp
  IfcAppliedValue.cpp
  IfcAppliedValueSelect.cpp
  IfcApproval.cpp
  IfcApprovalRelationship.cpp
  IfcArbitraryClosedProfileDef.cpp
  IfcArbitraryOpenProfileDef.cpp
  IfcArbitraryProfileDefWithVoids.cpp
  IfcArcIndex.cpp
  IfcAreaDensityMeasure.cpp
  IfcAreaMeasure.cpp
  IfcArithmeticOperatorEnum.cpp
  IfcAssemblyPlaceEnum.cpp
  IfcAsset.cpp
  IfcAsymmetricIShapeProfileDef.cpp
  IfcAudioVisualAppliance.cpp
  IfcAudioVisualApplianceType.cpp
  IfcAudioVisualApplianceTypeEnum.cpp
  IfcAxis1Placement.cpp
  IfcAxis2Placement.cpp
  IfcAxis2Placement2D.cpp
  IfcAxis2Placement3D.cpp
  IfcBeam.cpp
  IfcBeamStandardCase.cpp
  IfcBeamType.cpp
  IfcBeamTypeEnum.cpp
  IfcBenchmarkEnum.cpp
  IfcBendingParameterSelect.cpp
  IfcBinary.cpp
  IfcBlobTexture.cpp
  IfcBlock.cpp
  IfcBoiler.cpp
  IfcBoilerType.cpp
  IfcBoilerTypeEnum.cpp
  IfcBoolean.cpp
  IfcBooleanClippingResult.cpp
  IfcBooleanOperand.cpp
  IfcBooleanOperator.cpp
  IfcBooleanResult.cpp
  IfcBoundaryCondition.cpp
  IfcBoundaryCurve.cpp
  IfcBoundaryEdgeCondition.cpp
  IfcBoundaryFaceCondition.cpp
  IfcBoundaryNodeCondition.cpp
  IfcBoundaryNodeConditionWarping.cpp
  IfcBoundedCurve.cpp
  IfcBoundedSurface.cpp
  IfcBoundingBox.cpp
  IfcBoxAlignment.cpp
  IfcBoxedHalfSpace.cpp
  IfcBSplineCurve.cpp
  IfcBSplineCurveForm.cpp
  IfcBSplineCurveWithKnots.cpp
  IfcBSplineSurface.cpp
  IfcBSplineSurfaceForm.cpp
  IfcBSplineSurfaceWithKnots.cpp
  IfcBuilding.cpp
  IfcBuildingElement.cpp
  IfcBuildingElementPart.cpp
  IfcBuildingElementPartType.cpp
  IfcBuildingElementPartTypeEnum.cpp
  IfcBuildingElementProxy.cpp
  IfcBuildingElementProxyType.cpp
  IfcBuildingElementProxyTypeEnum.cpp
  IfcBuildingElementType.cpp
  IfcBuildingStorey.cpp
  IfcBuildingSystem.cpp
  IfcBuildingSystemTypeEnum.cpp
  IfcBurner.cpp
  IfcBurnerType.cpp
  IfcBurnerTypeEnum.cpp
  IfcCableCarrierFitting.cpp
  IfcCableCarrierFittingType.cpp
  IfcCableCarrierFittingTypeEnum.cpp
  IfcCableCarrierSegment.cpp
  IfcCableCarrierSegmentType.cpp
  IfcCableCarrierSegmentTypeEnum.cpp
  IfcCableFitting.cpp
  IfcCableFittingType.cpp
  IfcCableFittingTypeEnum.cpp
  IfcCableSegment.cpp
  IfcCableSegmentType.cpp
  IfcCableSegmentTypeEnum.cpp
  IfcCardinalPointReference.cpp
  IfcCartesianPoint.cpp
  IfcCartesianPointList.cpp
  IfcCartesianPointList2D.cpp
  IfcCartesianPointList3D.cpp
  IfcCartesianTransformationOperator.cpp
  IfcCartesianTransformationOperator2D.cpp
  IfcCartesianTransformationOperator2DnonUniform.cpp
  IfcCartesianTransformationOperator3D.cpp
  IfcCartesianTransformationOperator3DnonUniform.cpp
  IfcCenterLineProfileDef.cpp
  IfcChangeActionEnum.cpp
  IfcChiller.cpp
  IfcChillerType.cpp
  IfcChillerTypeEnum.cpp
  IfcChimney.cpp
  IfcChimneyType.cpp
  IfcChimneyTypeEnum.cpp
  IfcCircle.cpp
  IfcCircleHollowProfileDef.cpp
  IfcCircleProfileDef.cpp
  IfcCircularArcSegment2D.cpp
  IfcCivilElement.cpp
  IfcCivilElementType.cpp
  IfcClassification.cpp
  IfcClassificationReference.cpp
  IfcClassificationReferenceSelect.cpp
  IfcClassificationSelect.cpp
  IfcClosedShell.cpp
  IfcCoil.cpp
  IfcCoilType.cpp
  IfcCoilTypeEnum.cpp
  IfcColour.cpp
  IfcColourOrFactor.cpp
  IfcColourRgb.cpp
  IfcColourRgbList.cpp
  IfcColourSpecification.cpp
  IfcColumn.cpp
  IfcColumnStandardCase.cpp
  IfcColumnType.cpp
  IfcColumnTypeEnum.cpp
  IfcCommunicationsAppliance.cpp
  IfcCommunicationsApplianceType.cpp
  IfcCommunicationsApplianceTypeEnum.cpp
  IfcComplexNumber.cpp
  IfcComplexProperty.cpp
  IfcComplexPropertyTemplate.cpp
  IfcComplexPropertyTemplateTypeEnum.cpp
  IfcCompositeCurve.cpp
  IfcCompositeCurveOnSurface.cpp
  IfcCompositeCurveSegment.cpp
  IfcCompositeProfileDef.cpp
  IfcCompoundPlaneAngleMeasure.cpp
  IfcCompressor.cpp
  IfcCompressorType.cpp
  IfcCompressorTypeEnum.cpp
  IfcCondenser.cpp
  IfcCondenserType.cpp
  IfcCondenserTypeEnum.cpp
  IfcConic.cpp
  IfcConnectedFaceSet.cpp
  IfcConnectionCurveGeometry.cpp
  IfcConnectionGeometry.cpp
  IfcConnectionPointEccentricity.cpp
  IfcConnectionPointGeometry.cpp
  IfcConnectionSurfaceGeometry.cpp
  IfcConnectionTypeEnum.cpp
  IfcConnectionVolumeGeometry.cpp
  IfcConstraint.cpp
  IfcConstraintEnum.cpp
  IfcConstructionEquipmentResource.cpp
  IfcConstructionEquipmentResourceType.cpp
  IfcConstructionEquipmentResourceTypeEnum.cpp
  IfcConstructionMaterialResource.cpp
  IfcConstructionMaterialResourceType.cpp
  IfcConstructionMaterialResourceTypeEnum.cpp
  IfcConstructionProductResource.cpp
  IfcConstructionProductResourceType.cpp
  IfcConstructionProductResourceTypeEnum.cpp
  IfcConstructionResource.cpp
  IfcConstructionResourceType.cpp
  IfcContext.cpp
  IfcContextDependentMeasure.cpp
  IfcContextDependentUnit.cpp
  IfcControl.cpp
  IfcController.cpp
  IfcControllerType.cpp
  IfcControllerTypeEnum.cpp
  IfcConversionBasedUnit.cpp
  IfcConversionBasedUnitWithOffset.cpp
  IfcCooledBeam.cpp
  IfcCooledBeamType.cpp
  IfcCooledBeamTypeEnum.cpp
  IfcCoolingTower.cpp
  IfcCoolingTowerType.cpp
  IfcCoolingTowerTypeEnum.cpp
  IfcCoordinateOperation.cpp
  IfcCoordinateReferenceSystem.cpp
  IfcCoordinateReferenceSystemSelect.cpp
  IfcCostItem.cpp
  IfcCostItemTypeEnum.cpp
  IfcCostSchedule.cpp
  IfcCostScheduleTypeEnum.cpp
  IfcCostValue.cpp
  IfcCountMeasure.cpp
  IfcCovering.cpp
  IfcCoveringType.cpp
  IfcCoveringTypeEnum.cpp
  IfcCrewResource.cpp
  IfcCrewResourceType.cpp
  IfcCrewResourceTypeEnum.cpp
  IfcCsgPrimitive3D.cpp
  IfcCsgSelect.cpp
  IfcCsgSolid.cpp
  IfcCShapeProfileDef.cpp
  IfcCurrencyRelationship.cpp
  IfcCurtainWall.cpp
  IfcCurtainWallType.cpp
  IfcCurtainWallTypeEnum.cpp
  IfcCurvatureMeasure.cpp
  IfcCurve.cpp
  IfcCurveBoundedPlane.cpp
  IfcCurveBoundedSurface.cpp
  IfcCurveFontOrScaledCurveFontSelect.cpp
  IfcCurveInterpolationEnum.cpp
  IfcCurveOnSurface.cpp
  IfcCurveOrEdgeCurve.cpp
  IfcCurveSegment2D.cpp
  IfcCurveStyle.cpp
  IfcCurveStyleFont.cpp
  IfcCurveStyleFontAndScaling.cpp
  IfcCurveStyleFontPattern.cpp
  IfcCurveStyleFontSelect.cpp
  IfcCylindricalSurface.cpp
  IfcDamper.cpp
  IfcDamperType.cpp
  IfcDamperTypeEnum.cpp
  IfcDataOriginEnum.cpp
  IfcDate.cpp
  IfcDateTime.cpp
  IfcDayInMonthNumber.cpp
  IfcDayInWeekNumber.cpp
  IfcDefinitionSelect.cpp
  IfcDerivedMeasureValue.cpp
  IfcDerivedProfileDef.cpp
  IfcDerivedUnit.cpp
  IfcDerivedUnitElement.cpp
  IfcDerivedUnitEnum.cpp
  IfcDescriptiveMeasure.cpp
  IfcDimensionalExponents.cpp
  IfcDimensionCount.cpp
  IfcDirection.cpp
  IfcDirectionSenseEnum.cpp
  IfcDiscreteAccessory.cpp
  IfcDiscreteAccessoryType.cpp
  IfcDiscreteAccessoryTypeEnum.cpp
  IfcDistanceExpression.cpp
  IfcDistributionChamberElement.cpp
  IfcDistributionChamberElementType.cpp
  IfcDistributionChamberElementTypeEnum.cpp
  IfcDistributionCircuit.cpp
  IfcDistributionControlElement.cpp
  IfcDistributionControlElementType.cpp
  IfcDistributionElement.cpp
  IfcDistributionElementType.cpp
  IfcDistributionFlowElement.cpp
  IfcDistributionFlowElementType.cpp
  IfcDistributionPort.cpp
  IfcDistributionPortTypeEnum.cpp
  IfcDistributionSystem.cpp
  IfcDistributionSystemEnum.cpp
  IfcDocumentConfidentialityEnum.cpp
  IfcDocumentInformation.cpp
  IfcDocumentInformationRelationship.cpp
  IfcDocumentReference.cpp
  IfcDocumentSelect.cpp
  IfcDocumentStatusEnum.cpp
  IfcDoor.cpp
  IfcDoorLiningProperties.cpp
  IfcDoorPanelOperationEnum.cpp
  IfcDoorPanelPositionEnum.cpp
  IfcDoorPanelProperties.cpp
  IfcDoorStandardCase.cpp
  IfcDoorStyle.cpp
  IfcDoorStyleConstructionEnum.cpp
  IfcDoorStyleOperationEnum.cpp
  IfcDoorType.cpp
  IfcDoorTypeEnum.cpp
  IfcDoorTypeOperationEnum.cpp
  IfcDoseEquivalentMeasure.cpp
  IfcDraughtingPreDefinedColour.cpp
  IfcDraughtingPreDefinedCurveFont.cpp
  IfcDuctFitting.cpp
  IfcDuctFittingType.cpp
  IfcDuctFittingTypeEnum.cpp
  IfcDuctSegment.cpp
  IfcDuctSegmentType.cpp
  IfcDuctSegmentTypeEnum.cpp
  IfcDuctSilencer.cpp
  IfcDuctSilencerType.cpp
  IfcDuctSilencerTypeEnum.cpp
  IfcDuration.cpp
  IfcDynamicViscosityMeasure.cpp
  IfcEdge.cpp
  IfcEdgeCurve.cpp
  IfcEdgeLoop.cpp
  IfcElectricAppliance.cpp
  IfcElectricApplianceType.cpp
  IfcElectricApplianceTypeEnum.cpp
  IfcElectricCapacitanceMeasure.cpp
  IfcElectricChargeMeasure.cpp
  IfcElectricConductanceMeasure.cpp
  IfcElectricCurrentMeasure.cpp
  IfcElectricDistributionBoard.cpp
  IfcElectricDistributionBoardType.cpp
  IfcElectricDistributionBoardTypeEnum.cpp
  IfcElectricFlowStorageDevice.cpp
  IfcElectricFlowStorageDeviceType.cpp
  IfcElectricFlowStorageDeviceTypeEnum.cpp
  IfcElectricGenerator.cpp
  IfcElectricGeneratorType.cpp
  IfcElectricGeneratorTypeEnum.cpp
  IfcElectricMotor.cpp
  IfcElectricMotorType.cpp
  IfcElectricMotorTypeEnum.cpp
  IfcElectricResistanceMeasure.cpp
  IfcElectricTimeControl.cpp
  IfcElectricTimeControlType.cpp
  IfcElectricTimeControlTypeEnum.cpp
  IfcElectricVoltageMeasure.cpp
  IfcElement.cpp
  IfcElementarySurface.cpp
  IfcElementAssembly.cpp
  IfcElementAssemblyType.cpp
  IfcElementAssemblyTypeEnum.cpp
  IfcElementComponent.cpp
  IfcElementComponentType.cpp
  IfcElementCompositionEnum.cpp
  IfcElementQuantity.cpp
  IfcElementType.cpp
  IfcEllipse.cpp
  IfcEllipseProfileDef.cpp
  IfcEnergyConversionDevice.cpp
  IfcEnergyConversionDeviceType.cpp
  IfcEnergyMeasure.cpp
  IfcEngine.cpp
  IfcEngineType.cpp
  IfcEngineTypeEnum.cpp
  IfcEvaporativeCooler.cpp
  IfcEvaporativeCoolerType.cpp
  IfcEvaporativeCoolerTypeEnum.cpp
  IfcEvaporator.cpp
  IfcEvaporatorType.cpp
  IfcEvaporatorTypeEnum.cpp
  IfcEvent.cpp
  IfcEventTime.cpp
  IfcEventTriggerTypeEnum.cpp
  IfcEventType.cpp
  IfcEventTypeEnum.cpp
  IfcExtendedProperties.cpp
  IfcExternalInformation.cpp
  IfcExternallyDefinedHatchStyle.cpp
  IfcExternallyDefinedSurfaceStyle.cpp
  IfcExternallyDefinedTextFont.cpp
  IfcExternalReference.cpp
  IfcExternalReferenceRelationship.cpp
  IfcExternalSpatialElement.cpp
  IfcExternalSpatialElementTypeEnum.cpp
  IfcExternalSpatialStructureElement.cpp
  IfcExtrudedAreaSolid.cpp
  IfcExtrudedAreaSolidTapered.cpp
  IfcFace.cpp
  IfcFaceBasedSurfaceModel.cpp
  IfcFaceBound.cpp
  IfcFaceOuterBound.cpp
  IfcFaceSurface.cpp
  IfcFacetedBrep.cpp
  IfcFacetedBrepWithVoids.cpp
  IfcFailureConnectionCondition.cpp
  IfcFan.cpp
  IfcFanType.cpp
  IfcFanTypeEnum.cpp
  IfcFastener.cpp
  IfcFastenerType.cpp
  IfcFastenerTypeEnum.cpp
  IfcFeatureElement.cpp
  IfcFeatureElementAddition.cpp
  IfcFeatureElementSubtraction.cpp
  IfcFillAreaStyle.cpp
  IfcFillAreaStyleHatching.cpp
  IfcFillAreaStyleTiles.cpp
  IfcFillStyleSelect.cpp
  IfcFilter.cpp
  IfcFilterType.cpp
  IfcFilterTypeEnum.cpp
  IfcFireSuppressionTerminal.cpp
  IfcFireSuppressionTerminalType.cpp
  IfcFireSuppressionTerminalTypeEnum.cpp
  IfcFixedReferenceSweptAreaSolid.cpp
  IfcFlowController.cpp
  IfcFlowControllerType.cpp
  IfcFlowDirectionEnum.cpp
  IfcFlowFitting.cpp
  IfcFlowFittingType.cpp
  IfcFlowInstrument.cpp
  IfcFlowInstrumentType.cpp
  IfcFlowInstrumentTypeEnum.cpp
  IfcFlowMeter.cpp
  IfcFlowMeterType.cpp
  IfcFlowMeterTypeEnum.cpp
  IfcFlowMovingDevice.cpp
  IfcFlowMovingDeviceType.cpp
  IfcFlowSegment.cpp
  IfcFlowSegmentType.cpp
  IfcFlowStorageDevice.cpp
  IfcFlowStorageDeviceType.cpp
  IfcFlowTerminal.cpp
  IfcFlowTerminalType.cpp
  IfcFlowTreatmentDevice.cpp
  IfcFlowTreatmentDeviceType.cpp
  IfcFontStyle.cpp
  IfcFontVariant.cpp
  IfcFontWeight.cpp
  IfcFooting.cpp
  IfcFootingType.cpp
  IfcFootingTypeEnum.cpp
  IfcForceMeasure.cpp
  IfcFrequencyMeasure.cpp
  IfcFurnishingElement.cpp
  IfcFurnishingElementType.cpp
  IfcFurniture.cpp
  IfcFurnitureType.cpp
  IfcFurnitureTypeEnum.cpp
  IfcGeographicElement.cpp
  IfcGeographicElementType.cpp
  IfcGeographicElementTypeEnum.cpp
  IfcGeometricCurveSet.cpp
  IfcGeometricProjectionEnum.cpp
  IfcGeometricRepresentationContext.cpp
  IfcGeometricRepresentationItem.cpp
  IfcGeometricRepresentationSubContext.cpp
  IfcGeometricSet.cpp
  IfcGeometricSetSelect.cpp
  IfcGloballyUniqueId.cpp
  IfcGlobalOrLocalEnum.cpp
  IfcGrid.cpp
  IfcGridAxis.cpp
  IfcGridPlacement.cpp
  IfcGridPlacementDirectionSelect.cpp
  IfcGridTypeEnum.cpp
  IfcGroup.cpp
  IfcHalfSpaceSolid.cpp
  IfcHatchLineDistanceSelect.cpp
  IfcHeatExchanger.cpp
  IfcHeatExchangerType.cpp
  IfcHeatExchangerTypeEnum.cpp
  IfcHeatFluxDensityMeasure.cpp
  IfcHeatingValueMeasure.cpp
  IfcHumidifier.cpp
  IfcHumidifierType.cpp
  IfcHumidifierTypeEnum.cpp
  IfcIdentifier.cpp
  IfcIlluminanceMeasure.cpp
  IfcImageTexture.cpp
  IfcIndexedColourMap.cpp
  IfcIndexedPolyCurve.cpp
  IfcIndexedPolygonalFace.cpp
  IfcIndexedPolygonalFaceWithVoids.cpp
  IfcIndexedTextureMap.cpp
  IfcIndexedTriangleTextureMap.cpp
  IfcInductanceMeasure.cpp
  IfcInteger.cpp
  IfcIntegerCountRateMeasure.cpp
  IfcInterceptor.cpp
  IfcInterceptorType.cpp
  IfcInterceptorTypeEnum.cpp
  IfcInternalOrExternalEnum.cpp
  IfcIntersectionCurve.cpp
  IfcInventory.cpp
  IfcInventoryTypeEnum.cpp
  IfcIonConcentrationMeasure.cpp
  IfcIrregularTimeSeries.cpp
  IfcIrregularTimeSeriesValue.cpp
  IfcIShapeProfileDef.cpp
  IfcIsothermalMoistureCapacityMeasure.cpp
  IfcJunctionBox.cpp
  IfcJunctionBoxType.cpp
  IfcJunctionBoxTypeEnum.cpp
  IfcKinematicViscosityMeasure.cpp
  IfcKnotType.cpp
  IfcLabel.cpp
  IfcLaborResource.cpp
  IfcLaborResourceType.cpp
  IfcLaborResourceTypeEnum.cpp
  IfcLagTime.cpp
  IfcLamp.cpp
  IfcLampType.cpp
  IfcLampTypeEnum.cpp
  IfcLanguageId.cpp
  IfcLayeredItem.cpp
  IfcLayerSetDirectionEnum.cpp
  IfcLengthMeasure.cpp
  IfcLibraryInformation.cpp
  IfcLibraryReference.cpp
  IfcLibrarySelect.cpp
  IfcLightDistributionCurveEnum.cpp
  IfcLightDistributionData.cpp
  IfcLightDistributionDataSourceSelect.cpp
  IfcLightEmissionSourceEnum.cpp
  IfcLightFixture.cpp
  IfcLightFixtureType.cpp
  IfcLightFixtureTypeEnum.cpp
  IfcLightIntensityDistribution.cpp
  IfcLightSource.cpp
  IfcLightSourceAmbient.cpp
  IfcLightSourceDirectional.cpp
  IfcLightSourceGoniometric.cpp
  IfcLightSourcePositional.cpp
  IfcLightSourceSpot.cpp
  IfcLine.cpp
  IfcLinearForceMeasure.cpp
  IfcLinearMomentMeasure.cpp
  IfcLinearPlacement.cpp
  IfcLinearPositioningElement.cpp
  IfcLinearStiffnessMeasure.cpp
  IfcLinearVelocityMeasure.cpp
  IfcLineIndex.cpp
  IfcLineSegment2D.cpp
  IfcLoadGroupTypeEnum.cpp
  IfcLocalPlacement.cpp
  IfcLogical.cpp
  IfcLogicalOperatorEnum.cpp
  IfcLoop.cpp
  IfcLShapeProfileDef.cpp
  IfcLuminousFluxMeasure.cpp
  IfcLuminousIntensityDistributionMeasure.cpp
  IfcLuminousIntensityMeasure.cpp
  IfcMagneticFluxDensityMeasure.cpp
  IfcMagneticFluxMeasure.cpp
  IfcManifoldSolidBrep.cpp
  IfcMapConversion.cpp
  IfcMappedItem.cpp
  IfcMassDensityMeasure.cpp
  IfcMassFlowRateMeasure.cpp
  IfcMassMeasure.cpp
  IfcMassPerLengthMeasure.cpp
  IfcMaterial.cpp
  IfcMaterialClassificationRelationship.cpp
  IfcMaterialConstituent.cpp
  IfcMaterialConstituentSet.cpp
  IfcMaterialDefinition.cpp
  IfcMaterialDefinitionRepresentation.cpp
  IfcMaterialLayer.cpp
  IfcMaterialLayerSet.cpp
  IfcMaterialLayerSetUsage.cpp
  IfcMaterialLayerWithOffsets.cpp
  IfcMaterialList.cpp
  IfcMaterialProfile.cpp
  IfcMaterialProfileSet.cpp
  IfcMaterialProfileSetUsage.cpp
  IfcMaterialProfileSetUsageTapering.cpp
  IfcMaterialProfileWithOffsets.cpp
  IfcMaterialProperties.cpp
  IfcMaterialRelationship.cpp
  IfcMaterialSelect.cpp
  IfcMaterialUsageDefinition.cpp
  IfcMeasureValue.cpp
  IfcMeasureWithUnit.cpp
  IfcMechanicalFastener.cpp
  IfcMechanicalFastenerType.cpp
  IfcMechanicalFastenerTypeEnum.cpp
  IfcMedicalDevice.cpp
  IfcMedicalDeviceType.cpp
  IfcMedicalDeviceTypeEnum.cpp
  IfcMember.cpp
  IfcMemberStandardCase.cpp
  IfcMemberType.cpp
  IfcMemberTypeEnum.cpp
  IfcMetric.cpp
  IfcMetricValueSelect.cpp
  IfcMirroredProfileDef.cpp
  IfcModulusOfElasticityMeasure.cpp
  IfcModulusOfLinearSubgradeReactionMeasure.cpp
  IfcModulusOfRotationalSubgradeReactionMeasure.cpp
  IfcModulusOfRotationalSubgradeReactionSelect.cpp
  IfcModulusOfSubgradeReactionMeasure.cpp
  IfcModulusOfSubgradeReactionSelect.cpp
  IfcModulusOfTranslationalSubgradeReactionSelect.cpp
  IfcMoistureDiffusivityMeasure.cpp
  IfcMolecularWeightMeasure.cpp
  IfcMomentOfInertiaMeasure.cpp
  IfcMonetaryMeasure.cpp
  IfcMonetaryUnit.cpp
  IfcMonthInYearNumber.cpp
  IfcMotorConnection.cpp
  IfcMotorConnectionType.cpp
  IfcMotorConnectionTypeEnum.cpp
  IfcNamedUnit.cpp
  IfcNonNegativeLengthMeasure.cpp
  IfcNormalisedRatioMeasure.cpp
  IfcNullStyle.cpp
  IfcNumericMeasure.cpp
  IfcObject.cpp
  IfcObjectDefinition.cpp
  IfcObjective.cpp
  IfcObjectiveEnum.cpp
  IfcObjectPlacement.cpp
  IfcObjectReferenceSelect.cpp
  IfcObjectTypeEnum.cpp
  IfcOccupant.cpp
  IfcOccupantTypeEnum.cpp
  IfcOffsetCurve.cpp
  IfcOffsetCurve2D.cpp
  IfcOffsetCurve3D.cpp
  IfcOffsetCurveByDistances.cpp
  IfcOpeningElement.cpp
  IfcOpeningElementTypeEnum.cpp
  IfcOpeningStandardCase.cpp
  IfcOpenShell.cpp
  IfcOrganization.cpp
  IfcOrganizationRelationship.cpp
  IfcOrientationExpression.cpp
  IfcOrientedEdge.cpp
  IfcOuterBoundaryCurve.cpp
  IfcOutlet.cpp
  IfcOutletType.cpp
  IfcOutletTypeEnum.cpp
  IfcOwnerHistory.cpp
  IfcParameterizedProfileDef.cpp
  IfcParameterValue.cpp
  IfcPath.cpp
  IfcPcurve.cpp
  IfcPerformanceHistory.cpp
  IfcPerformanceHistoryTypeEnum.cpp
  IfcPermeableCoveringOperationEnum.cpp
  IfcPermeableCoveringProperties.cpp
  IfcPermit.cpp
  IfcPermitTypeEnum.cpp
  IfcPerson.cpp
  IfcPersonAndOrganization.cpp
  IfcPHMeasure.cpp
  IfcPhysicalComplexQuantity.cpp
  IfcPhysicalOrVirtualEnum.cpp
  IfcPhysicalQuantity.cpp
  IfcPhysicalSimpleQuantity.cpp
  IfcPile.cpp
  IfcPileConstructionEnum.cpp
  IfcPileType.cpp
  IfcPileTypeEnum.cpp
  IfcPipeFitting.cpp
  IfcPipeFittingType.cpp
  IfcPipeFittingTypeEnum.cpp
  IfcPipeSegment.cpp
  IfcPipeSegmentType.cpp
  IfcPipeSegmentTypeEnum.cpp
  IfcPixelTexture.cpp
  IfcPlacement.cpp
  IfcPlanarBox.cpp
  IfcPlanarExtent.cpp
  IfcPlanarForceMeasure.cpp
  IfcPlane.cpp
  IfcPlaneAngleMeasure.cpp
  IfcPlate.cpp
  IfcPlateStandardCase.cpp
  IfcPlateType.cpp
  IfcPlateTypeEnum.cpp
  IfcPoint.cpp
  IfcPointOnCurve.cpp
  IfcPointOnSurface.cpp
  IfcPointOrVertexPoint.cpp
  IfcPolygonalBoundedHalfSpace.cpp
  IfcPolygonalFaceSet.cpp
  IfcPolyline.cpp
  IfcPolyLoop.cpp
  IfcPort.cpp
  IfcPositioningElement.cpp
  IfcPositiveInteger.cpp
  IfcPositiveLengthMeasure.cpp
  IfcPositivePlaneAngleMeasure.cpp
  IfcPositiveRatioMeasure.cpp
  IfcPostalAddress.cpp
  IfcPowerMeasure.cpp
  IfcPreDefinedColour.cpp
  IfcPreDefinedCurveFont.cpp
  IfcPreDefinedItem.cpp
  IfcPreDefinedProperties.cpp
  IfcPreDefinedPropertySet.cpp
  IfcPreDefinedTextFont.cpp
  IfcPreferredSurfaceCurveRepresentation.cpp
  IfcPresentableText.cpp
  IfcPresentationItem.cpp
  IfcPresentationLayerAssignment.cpp
  IfcPresentationLayerWithStyle.cpp
  IfcPresentationStyle.cpp
  IfcPresentationStyleAssignment.cpp
  IfcPresentationStyleSelect.cpp
  IfcPressureMeasure.cpp
  IfcProcedure.cpp
  IfcProcedureType.cpp
  IfcProcedureTypeEnum.cpp
  IfcProcess.cpp
  IfcProcessSelect.cpp
  IfcProduct.cpp
  IfcProductDefinitionShape.cpp
  IfcProductRepresentation.cpp
  IfcProductRepresentationSelect.cpp
  IfcProductSelect.cpp
  IfcProfileDef.cpp
  IfcProfileProperties.cpp
  IfcProfileTypeEnum.cpp
  IfcProject.cpp
  IfcProjectedCRS.cpp
  IfcProjectedOrTrueLengthEnum.cpp
  IfcProjectionElement.cpp
  IfcProjectionElementTypeEnum.cpp
  IfcProjectLibrary.cpp
  IfcProjectOrder.cpp
  IfcProjectOrderTypeEnum.cpp
  IfcProperty.cpp
  IfcPropertyAbstraction.cpp
  IfcPropertyBoundedValue.cpp
  IfcPropertyDefinition.cpp
  IfcPropertyDependencyRelationship.cpp
  IfcPropertyEnumeratedValue.cpp
  IfcPropertyEnumeration.cpp
  IfcPropertyListValue.cpp
  IfcPropertyReferenceValue.cpp
  IfcPropertySet.cpp
  IfcPropertySetDefinition.cpp
  IfcPropertySetDefinitionSelect.cpp
  IfcPropertySetDefinitionSet.cpp
  IfcPropertySetTemplate.cpp
  IfcPropertySetTemplateTypeEnum.cpp
  IfcPropertySingleValue.cpp
  IfcPropertyTableValue.cpp
  IfcPropertyTemplate.cpp
  IfcPropertyTemplateDefinition.cpp
  IfcProtectiveDevice.cpp
  IfcProtectiveDeviceTrippingUnit.cpp
  IfcProtectiveDeviceTrippingUnitType.cpp
  IfcProtectiveDeviceTrippingUnitTypeEnum.cpp
  IfcProtectiveDeviceType.cpp
  IfcProtectiveDeviceTypeEnum.cpp
  IfcProxy.cpp
  IfcPump.cpp
  IfcPumpType.cpp
  IfcPumpTypeEnum.cpp
  IfcQuantityArea.cpp
  IfcQuantityCount.cpp
  IfcQuantityLength.cpp
  IfcQuantitySet.cpp
  IfcQuantityTime.cpp
  IfcQuantityVolume.cpp
  IfcQuantityWeight.cpp
  IfcRadioActivityMeasure.cpp
  IfcRailing.cpp
  IfcRailingType.cpp
  IfcRailingTypeEnum.cpp
  IfcRamp.cpp
  IfcRampFlight.cpp
  IfcRampFlightType.cpp
  IfcRampFlightTypeEnum.cpp
  IfcRampType.cpp
  IfcRampTypeEnum.cpp
  IfcRatioMeasure.cpp
  IfcRationalBSplineCurveWithKnots.cpp
  IfcRationalBSplineSurfaceWithKnots.cpp
  IfcReal.cpp
  IfcRectangleHollowProfileDef.cpp
  IfcRectangleProfileDef.cpp
  IfcRectangularPyramid.cpp
  IfcRectangularTrimmedSurface.cpp
  IfcRecurrencePattern.cpp
  IfcRecurrenceTypeEnum.cpp
  IfcReference.cpp
  IfcReferent.cpp
  IfcReferentTypeEnum.cpp
  IfcReflectanceMethodEnum.cpp
  IfcRegularTimeSeries.cpp
  IfcReinforcementBarProperties.cpp
  IfcReinforcementDefinitionProperties.cpp
  IfcReinforcingBar.cpp
  IfcReinforcingBarRoleEnum.cpp
  IfcReinforcingBarSurfaceEnum.cpp
  IfcReinforcingBarType.cpp
  IfcReinforcingBarTypeEnum.cpp
  IfcReinforcingElement.cpp
  IfcReinforcingElementType.cpp
  IfcReinforcingMesh.cpp
  IfcReinforcingMeshType.cpp
  IfcReinforcingMeshTypeEnum.cpp
  IfcRelAggregates.cpp
  IfcRelAssigns.cpp
  IfcRelAssignsToActor.cpp
  IfcRelAssignsToControl.cpp
  IfcRelAssignsToGroup.cpp
  IfcRelAssignsToGroupByFactor.cpp
  IfcRelAssignsToProcess.cpp
  IfcRelAssignsToProduct.cpp
  IfcRelAssignsToResource.cpp
  IfcRelAssociates.cpp
  IfcRelAssociatesApproval.cpp
  IfcRelAssociatesClassification.cpp
  IfcRelAssociatesConstraint.cpp
  IfcRelAssociatesDocument.cpp
  IfcRelAssociatesLibrary.cpp
  IfcRelAssociatesMaterial.cpp
  IfcRelationship.cpp
  IfcRelConnects.cpp
  IfcRelConnectsElements.cpp
  IfcRelConnectsPathElements.cpp
  IfcRelConnectsPorts.cpp
  IfcRelConnectsPortToElement.cpp
  IfcRelConnectsStructuralActivity.cpp
  IfcRelConnectsStructuralMember.cpp
  IfcRelConnectsWithEccentricity.cpp
  IfcRelConnectsWithRealizingElements.cpp
  IfcRelContainedInSpatialStructure.cpp
  IfcRelCoversBldgElements.cpp
  IfcRelCoversSpaces.cpp
  IfcRelDeclares.cpp
  IfcRelDecomposes.cpp
  IfcRelDefines.cpp
  IfcRelDefinesByObject.cpp
  IfcRelDefinesByProperties.cpp
  IfcRelDefinesByTemplate.cpp
  IfcRelDefinesByType.cpp
  IfcRelFillsElement.cpp
  IfcRelFlowControlElements.cpp
  IfcRelInterferesElements.cpp
  IfcRelNests.cpp
  IfcRelProjectsElement.cpp
  IfcRelReferencedInSpatialStructure.cpp
  IfcRelSequence.cpp
  IfcRelServicesBuildings.cpp
  IfcRelSpaceBoundary.cpp
  IfcRelSpaceBoundary1stLevel.cpp
  IfcRelSpaceBoundary2ndLevel.cpp
  IfcRelVoidsElement.cpp
  IfcReparametrisedCompositeCurveSegment.cpp
  IfcRepresentation.cpp
  IfcRepresentationContext.cpp
  IfcRepresentationItem.cpp
  IfcRepresentationMap.cpp
  IfcResource.cpp
  IfcResourceApprovalRelationship.cpp
  IfcResourceConstraintRelationship.cpp
  IfcResourceLevelRelationship.cpp
  IfcResourceObjectSelect.cpp
  IfcResourceSelect.cpp
  IfcResourceTime.cpp
  IfcRevolvedAreaSolid.cpp
  IfcRevolvedAreaSolidTapered.cpp
  IfcRightCircularCone.cpp
  IfcRightCircularCylinder.cpp
  IfcRoleEnum.cpp
  IfcRoof.cpp
  IfcRoofType.cpp
  IfcRoofTypeEnum.cpp
  IfcRoot.cpp
  IfcRotationalFrequencyMeasure.cpp
  IfcRotationalMassMeasure.cpp
  IfcRotationalStiffnessMeasure.cpp
  IfcRotationalStiffnessSelect.cpp
  IfcRoundedRectangleProfileDef.cpp
  IfcSanitaryTerminal.cpp
  IfcSanitaryTerminalType.cpp
  IfcSanitaryTerminalTypeEnum.cpp
  IfcSchedulingTime.cpp
  IfcSeamCurve.cpp
  IfcSectionalAreaIntegralMeasure.cpp
  IfcSectionedSolid.cpp
  IfcSectionedSolidHorizontal.cpp
  IfcSectionedSpine.cpp
  IfcSectionModulusMeasure.cpp
  IfcSectionProperties.cpp
  IfcSectionReinforcementProperties.cpp
  IfcSectionTypeEnum.cpp
  IfcSegmentIndexSelect.cpp
  IfcSensor.cpp
  IfcSensorType.cpp
  IfcSensorTypeEnum.cpp
  IfcSequenceEnum.cpp
  IfcShadingDevice.cpp
  IfcShadingDeviceType.cpp
  IfcShadingDeviceTypeEnum.cpp
  IfcShapeAspect.cpp
  IfcShapeModel.cpp
  IfcShapeRepresentation.cpp
  IfcShearModulusMeasure.cpp
  IfcShell.cpp
  IfcShellBasedSurfaceModel.cpp
  IfcSimpleProperty.cpp
  IfcSimplePropertyTemplate.cpp
  IfcSimplePropertyTemplateTypeEnum.cpp
  IfcSimpleValue.cpp
  IfcSIPrefix.cpp
  IfcSite.cpp
  IfcSIUnit.cpp
  IfcSIUnitName.cpp
  IfcSizeSelect.cpp
  IfcSlab.cpp
  IfcSlabElementedCase.cpp
  IfcSlabStandardCase.cpp
  IfcSlabType.cpp
  IfcSlabTypeEnum.cpp
  IfcSlippageConnectionCondition.cpp
  IfcSolarDevice.cpp
  IfcSolarDeviceType.cpp
  IfcSolarDeviceTypeEnum.cpp
  IfcSolidAngleMeasure.cpp
  IfcSolidModel.cpp
  IfcSolidOrShell.cpp
  IfcSoundPowerLevelMeasure.cpp
  IfcSoundPowerMeasure.cpp
  IfcSoundPressureLevelMeasure.cpp
  IfcSoundPressureMeasure.cpp
  IfcSpace.cpp
  IfcSpaceBoundarySelect.cpp
  IfcSpaceHeater.cpp
  IfcSpaceHeaterType.cpp
  IfcSpaceHeaterTypeEnum.cpp
  IfcSpaceType.cpp
  IfcSpaceTypeEnum.cpp
  IfcSpatialElement.cpp
  IfcSpatialElementType.cpp
  IfcSpatialStructureElement.cpp
  IfcSpatialStructureElementType.cpp
  IfcSpatialZone.cpp
  IfcSpatialZoneType.cpp
  IfcSpatialZoneTypeEnum.cpp
  IfcSpecificHeatCapacityMeasure.cpp
  IfcSpecularExponent.cpp
  IfcSpecularHighlightSelect.cpp
  IfcSpecularRoughness.cpp
  IfcSphere.cpp
  IfcSphericalSurface.cpp
  IfcStackTerminal.cpp
  IfcStackTerminalType.cpp
  IfcStackTerminalTypeEnum.cpp
  IfcStair.cpp
  IfcStairFlight.cpp
  IfcStairFlightType.cpp
  IfcStairFlightTypeEnum.cpp
  IfcStairType.cpp
  IfcStairTypeEnum.cpp
  IfcStateEnum.cpp
  IfcStructuralAction.cpp
  IfcStructuralActivity.cpp
  IfcStructuralActivityAssignmentSelect.cpp
  IfcStructuralAnalysisModel.cpp
  IfcStructuralConnection.cpp
  IfcStructuralConnectionCondition.cpp
  IfcStructuralCurveAction.cpp
  IfcStructuralCurveActivityTypeEnum.cpp
  IfcStructuralCurveConnection.cpp
  IfcStructuralCurveMember.cpp
  IfcStructuralCurveMemberTypeEnum.cpp
  IfcStructuralCurveMemberVarying.cpp
  IfcStructuralCurveReaction.cpp
  IfcStructuralItem.cpp
  IfcStructuralLinearAction.cpp
  IfcStructuralLoad.cpp
  IfcStructuralLoadCase.cpp
  IfcStructuralLoadConfiguration.cpp
  IfcStructuralLoadGroup.cpp
  IfcStructuralLoadLinearForce.cpp
  IfcStructuralLoadOrResult.cpp
  IfcStructuralLoadPlanarForce.cpp
  IfcStructuralLoadSingleDisplacement.cpp
  IfcStructuralLoadSingleDisplacementDistortion.cpp
  IfcStructuralLoadSingleForce.cpp
  IfcStructuralLoadSingleForceWarping.cpp
  IfcStructuralLoadStatic.cpp
  IfcStructuralLoadTemperature.cpp
  IfcStructuralMember.cpp
  IfcStructuralPlanarAction.cpp
  IfcStructuralPointAction.cpp
  IfcStructuralPointConnection.cpp
  IfcStructuralPointReaction.cpp
  IfcStructuralReaction.cpp
  IfcStructuralResultGroup.cpp
  IfcStructuralSurfaceAction.cpp
  IfcStructuralSurfaceActivityTypeEnum.cpp
  IfcStructuralSurfaceConnection.cpp
  IfcStructuralSurfaceMember.cpp
  IfcStructuralSurfaceMemberTypeEnum.cpp
  IfcStructuralSurfaceMemberVarying.cpp
  IfcStructuralSurfaceReaction.cpp
  IfcStyleAssignmentSelect.cpp
  IfcStyledItem.cpp
  IfcStyledRepresentation.cpp
  IfcStyleModel.cpp
  IfcSubContractResource.cpp
  IfcSubContractResourceType.cpp
  IfcSubContractResourceTypeEnum.cpp
  IfcSubedge.cpp
  IfcSurface.cpp
  IfcSurfaceCurve.cpp
  IfcSurfaceCurveSweptAreaSolid.cpp
  IfcSurfaceFeature.cpp
  IfcSurfaceFeatureTypeEnum.cpp
  IfcSurfaceOfLinearExtrusion.cpp
  IfcSurfaceOfRevolution.cpp
  IfcSurfaceOrFaceSurface.cpp
  IfcSurfaceReinforcementArea.cpp
  IfcSurfaceSide.cpp
  IfcSurfaceStyle.cpp
  IfcSurfaceStyleElementSelect.cpp
  IfcSurfaceStyleLighting.cpp
  IfcSurfaceStyleRefraction.cpp
  IfcSurfaceStyleRendering.cpp
  IfcSurfaceStyleShading.cpp
  IfcSurfaceStyleWithTextures.cpp
  IfcSurfaceTexture.cpp
  IfcSweptAreaSolid.cpp
  IfcSweptDiskSolid.cpp
  IfcSweptDiskSolidPolygonal.cpp
  IfcSweptSurface.cpp
  IfcSwitchingDevice.cpp
  IfcSwitchingDeviceType.cpp
  IfcSwitchingDeviceTypeEnum.cpp
  IfcSystem.cpp
  IfcSystemFurnitureElement.cpp
  IfcSystemFurnitureElementType.cpp
  IfcSystemFurnitureElementTypeEnum.cpp
  IfcTable.cpp
  IfcTableColumn.cpp
  IfcTableRow.cpp
  IfcTank.cpp
  IfcTankType.cpp
  IfcTankTypeEnum.cpp
  IfcTask.cpp
  IfcTaskDurationEnum.cpp
  IfcTaskTime.cpp
  IfcTaskTimeRecurring.cpp
  IfcTaskType.cpp
  IfcTaskTypeEnum.cpp
  IfcTelecomAddress.cpp
  IfcTemperatureGradientMeasure.cpp
  IfcTemperatureRateOfChangeMeasure.cpp
  IfcTendon.cpp
  IfcTendonAnchor.cpp
  IfcTendonAnchorType.cpp
  IfcTendonAnchorTypeEnum.cpp
  IfcTendonType.cpp
  IfcTendonTypeEnum.cpp
  IfcTessellatedFaceSet.cpp
  IfcTessellatedItem.cpp
  IfcText.cpp
  IfcTextAlignment.cpp
  IfcTextDecoration.cpp
  IfcTextFontName.cpp
  IfcTextFontSelect.cpp
  IfcTextLiteral.cpp
  IfcTextLiteralWithExtent.cpp
  IfcTextPath.cpp
  IfcTextStyle.cpp
  IfcTextStyleFontModel.cpp
  IfcTextStyleForDefinedFont.cpp
  IfcTextStyleTextModel.cpp
  IfcTextTransformation.cpp
  IfcTextureCoordinate.cpp
  IfcTextureCoordinateGenerator.cpp
  IfcTextureMap.cpp
  IfcTextureVertex.cpp
  IfcTextureVertexList.cpp
  IfcThermalAdmittanceMeasure.cpp
  IfcThermalConductivityMeasure.cpp
  IfcThermalExpansionCoefficientMeasure.cpp
  IfcThermalResistanceMeasure.cpp
  IfcThermalTransmittanceMeasure.cpp
  IfcThermodynamicTemperatureMeasure.cpp
  IfcTime.cpp
  IfcTimeMeasure.cpp
  IfcTimeOrRatioSelect.cpp
  IfcTimePeriod.cpp
  IfcTimeSeries.cpp
  IfcTimeSeriesDataTypeEnum.cpp
  IfcTimeSeriesValue.cpp
  IfcTimeStamp.cpp
  IfcTopologicalRepresentationItem.cpp
  IfcTopologyRepresentation.cpp
  IfcToroidalSurface.cpp
  IfcTorqueMeasure.cpp
  IfcTransformer.cpp
  IfcTransformerType.cpp
  IfcTransformerTypeEnum.cpp
  IfcTransitionCode.cpp
  IfcTransitionCurveSegment2D.cpp
  IfcTransitionCurveType.cpp
  IfcTranslationalStiffnessSelect.cpp
  IfcTransportElement.cpp
  IfcTransportElementType.cpp
  IfcTransportElementTypeEnum.cpp
  IfcTrapeziumProfileDef.cpp
  IfcTriangulatedFaceSet.cpp
  IfcTriangulatedIrregularNetwork.cpp
  IfcTrimmedCurve.cpp
  IfcTrimmingPreference.cpp
  IfcTrimmingSelect.cpp
  IfcTShapeProfileDef.cpp
  IfcTubeBundle.cpp
  IfcTubeBundleType.cpp
  IfcTubeBundleTypeEnum.cpp
  IfcTypeObject.cpp
  IfcTypeProcess.cpp
  IfcTypeProduct.cpp
  IfcTypeResource.cpp
  IfcUnit.cpp
  IfcUnitaryControlElement.cpp
  IfcUnitaryControlElementType.cpp
  IfcUnitaryControlElementTypeEnum.cpp
  IfcUnitaryEquipment.cpp
  IfcUnitaryEquipmentType.cpp
  IfcUnitaryEquipmentTypeEnum.cpp
  IfcUnitAssignment.cpp
  IfcUnitEnum.cpp
  IfcURIReference.cpp
  IfcUShapeProfileDef.cpp
  IfcValue.cpp
  IfcValve.cpp
  IfcValveType.cpp
  IfcValveTypeEnum.cpp
  IfcVaporPermeabilityMeasure.cpp
  IfcVector.cpp
  IfcVectorOrDirection.cpp
  IfcVertex.cpp
  IfcVertexLoop.cpp
  IfcVertexPoint.cpp
  IfcVibrationIsolator.cpp
  IfcVibrationIsolatorType.cpp
  IfcVibrationIsolatorTypeEnum.cpp
  IfcVirtualElement.cpp
  IfcVirtualGridIntersection.cpp
  IfcVoidingFeature.cpp
  IfcVoidingFeatureTypeEnum.cpp
  IfcVolumeMeasure.cpp
  IfcVolumetricFlowRateMeasure.cpp
  IfcWall.cpp
  IfcWallElementedCase.cpp
  IfcWallStandardCase.cpp
  IfcWallType.cpp
  IfcWallTypeEnum.cpp
  IfcWarpingConstantMeasure.cpp
  IfcWarpingMomentMeasure.cpp
  IfcWarpingStiffnessSelect.cpp
  IfcWasteTerminal.cpp
  IfcWasteTerminalType.cpp
  IfcWasteTerminalTypeEnum.cpp
  IfcWindow.cpp
  IfcWindowLiningProperties.cpp
  IfcWindowPanelOperationEnum.cpp
  IfcWindowPanelPositionEnum.cpp
  IfcWindowPanelProperties.cpp
  IfcWindowStandardCase.cpp
  IfcWindowStyle.cpp
  IfcWindowStyleConstructionEnum.cpp
  IfcWindowStyleOperationEnum.cpp
  IfcWindowType.cpp
  IfcWindowTypeEnum.cpp
  IfcWindowTypePartitioningEnum.cpp
  IfcWorkCalendar.cpp
  IfcWorkCalendarTypeEnum.cpp
  IfcWorkControl.cpp
  IfcWorkPlan.cpp
  IfcWorkPlanTypeEnum.cpp
  IfcWorkSchedule.cpp
  IfcWorkScheduleTypeEnum.cpp
  IfcWorkTime.cpp
  IfcZone.cpp
  IfcZShapeProfileDef.cpp
  AttributeObject.cpp
  BuildingGuid.cpp
  BuildingModel.cpp
  UnitConverter.cpp
  AbstractReader.cpp
  ReaderSTEP.cpp
  ReaderUtil.cpp
  ReaderXML.cpp
D:\VS\VC\Tools\MSVC\14.31.31103\include\algorithm(3031,24): warning C4244: =: преобразование "wchar_t" в "char", возможна потеря данных (компилируется исходный файл src\ifcpp\reader\ReaderSTEP.cpp)
D:\GotovyiProekt\ifcplusplus-1.1\IfcPlusPlus\src\ifcpp\reader\ReaderSTEP.cpp(703): message : выполняется компиляция ссылки на экземпляр шаблон функции "_OutIt std::transform<std::_String_iterator<std::_String_val<std::_Simple_types<_Elem>>>,std::_String_iterator<std::_String_val<std::_Simple_types<_Elem>>>,ReaderSTEP::readSingleStepLine::<lambda_c629bc0b34bf9652487267e55e05bc87>>(const _InIt,const _InIt,_OutIt,_Fn)"
          with
          [
              _OutIt=std::_String_iterator<std::_String_val<std::_Simple_types<char>>>,
              _Elem=char,
              _InIt=std::_String_iterator<std::_String_val<std::_Simple_types<char>>>,
              _Fn=ReaderSTEP::readSingleStepLine::<lambda_c629bc0b34bf9652487267e55e05bc87>
          ]
  WriterSTEP.cpp
  WriterUtil.cpp
     Создается библиотека bin\IfcPlusPlusd.lib и объект bin\IfcPlusPlusd.exp
  IfcPlusPlus.vcxproj -> D:\GotovyiProekt\ifcplusplus-1.1\IfcPlusPlus\bin\IfcPlusPlusd.dll
